2024-05-14 09:42:05.441 - INFO  - es.uah - Tiempo de vida actualizado
2024-05-14 09:42:05.482 - INFO  - es.uah - Tiempo de vida actualizado
2024-05-14 09:42:05.482 - INFO  - es.uah - Inicio de movimiento aleatorio
2024-05-14 09:42:05.509 - INFO  - es.uah - Inicio de movimiento aleatorio
2024-05-14 09:42:06.195 - INFO  - es.uah - Tiempo de vida actualizado
2024-05-14 09:42:06.196 - INFO  - es.uah - Tiempo de vida actualizado
2024-05-14 09:42:10.094 - INFO  - es.uah - Tiempo de vida actualizado
2024-05-14 09:42:10.094 - INFO  - es.uah - Tiempo de vida actualizado
2024-05-14 09:42:10.094 - INFO  - es.uah - Tiempo de vida actualizado
2024-05-14 09:42:10.521 - INFO  - es.uah - Tiempo de vida modificado
2024-05-14 09:42:10.565 - WARN  - es.uah.matcomp.mp.simulaciondevida.estructurasdedatos.listas.listaEnlazada.ListaEnlazada - Se ha tratado de eliminar un elemento que no pertenece a la lista
2024-05-14 09:42:15.088 - INFO  - es.uah - Tiempo de vida actualizado
2024-05-14 09:42:15.089 - INFO  - es.uah - Tiempo de vida actualizado
2024-05-14 09:42:15.089 - INFO  - es.uah - Tiempo de vida actualizado
2024-05-14 09:42:15.089 - INFO  - es.uah - Tiempo de vida actualizado
2024-05-14 09:42:15.238 - WARN  - es.uah.matcomp.mp.simulaciondevida.estructurasdedatos.grafo.classes.Grafo - El nodo es.uah.matcomp.mp.simulaciondevida.estructurasdedatos.grafo.classes.Nodo@5737a3f3 (casillaTablero@1eb26ea7) no existe o es inaccesible desde es.uah.matcomp.mp.simulaciondevida.estructurasdedatos.grafo.classes.Nodo@5737a3f3 (casillaTablero@1eb26ea7)
2024-05-14 09:44:26.048 - INFO  - es.uah - Tiempo de vida actualizado
2024-05-14 09:44:26.050 - INFO  - es.uah - Tiempo de vida actualizado
2024-05-14 09:44:26.050 - INFO  - es.uah - Tiempo de vida actualizado
2024-05-14 09:44:26.086 - INFO  - es.uah - Inicio de movimiento aleatorio
2024-05-14 09:56:31.975 - INFO  - es.uah - Tiempo de vida actualizado
2024-05-14 09:56:31.976 - INFO  - es.uah - Tiempo de vida actualizado
2024-05-14 09:57:24.800 - INFO  - es.uah - Tiempo de vida actualizado
2024-05-14 09:57:24.802 - INFO  - es.uah - Tiempo de vida actualizado
2024-05-14 09:58:46.378 - INFO  - es.uah - Tiempo de vida actualizado
2024-05-14 09:58:46.379 - INFO  - es.uah - Tiempo de vida actualizado
2024-05-14 09:58:46.379 - INFO  - es.uah - Tiempo de vida actualizado
2024-05-14 09:58:46.379 - INFO  - es.uah - Tiempo de vida actualizado
2024-05-14 09:58:46.518 - INFO  - es.uah - Inicio de movimiento aleatorio
2024-05-14 09:59:42.792 - INFO  - es.uah - Tiempo de vida actualizado
2024-05-14 09:59:42.793 - INFO  - es.uah - Tiempo de vida actualizado
2024-05-14 09:59:42.793 - INFO  - es.uah - Tiempo de vida actualizado
2024-05-14 09:59:42.793 - INFO  - es.uah - Tiempo de vida actualizado
2024-05-14 09:59:43.047 - INFO  - es.uah - Inicio de movimiento aleatorio
2024-05-14 09:59:43.068 - INFO  - es.uah - Inicio de movimiento aleatorio
2024-05-14 10:00:00.335 - WARN  - es.uah.matcomp.mp.simulaciondevida.estructurasdedatos.listas.listaEnlazada.ListaEnlazada - Se ha tratado de eliminar un elemento que no pertenece a la lista
2024-05-14 10:00:17.015 - WARN  - es.uah.matcomp.mp.simulaciondevida.estructurasdedatos.listas.listaEnlazada.ListaEnlazada - Se ha tratado de eliminar un elemento que no pertenece a la lista
2024-05-14 10:00:39.134 - INFO  - es.uah - Tiempo de vida actualizado
2024-05-14 10:00:39.135 - INFO  - es.uah - Tiempo de vida actualizado
2024-05-14 10:02:07.651 - INFO  - es.uah - Tiempo de vida actualizado
2024-05-14 10:02:07.652 - INFO  - es.uah - Tiempo de vida actualizado
2024-05-14 10:02:19.728 - INFO  - es.uah - Tiempo de vida modificado
2024-05-14 10:02:50.974 - INFO  - es.uah - Tiempo de vida actualizado
2024-05-14 10:03:12.624 - INFO  - es.uah - Tiempo de vida actualizado
2024-05-14 10:03:12.624 - INFO  - es.uah - Tiempo de vida actualizado
2024-05-14 10:03:12.625 - INFO  - es.uah - Tiempo de vida actualizado
2024-05-14 10:03:12.625 - INFO  - es.uah - Tiempo de vida actualizado
2024-05-14 10:03:13.027 - INFO  - es.uah - Inicio de movimiento aleatorio
2024-05-14 10:03:13.058 - INFO  - es.uah - Inicio de movimiento aleatorio
2024-05-14 10:03:16.857 - INFO  - es.uah - Tiempo de vida modificado
2024-05-14 10:03:25.694 - INFO  - es.uah - Tiempo de vida actualizado
2024-05-14 10:03:25.694 - INFO  - es.uah - Tiempo de vida actualizado
2024-05-14 10:03:25.694 - INFO  - es.uah - Tiempo de vida actualizado
2024-05-14 10:03:25.695 - INFO  - es.uah - Tiempo de vida actualizado
2024-05-14 10:03:26.116 - WARN  - es.uah.matcomp.mp.simulaciondevida.estructurasdedatos.grafo.classes.Grafo - El nodo es.uah.matcomp.mp.simulaciondevida.estructurasdedatos.grafo.classes.Nodo@12c0332c (casillaTablero@6e018a3) no existe o es inaccesible desde es.uah.matcomp.mp.simulaciondevida.estructurasdedatos.grafo.classes.Nodo@12c0332c (casillaTablero@6e018a3)
2024-05-14 10:07:02.486 - INFO  - es.uah - Tiempo de vida actualizado
2024-05-14 10:07:02.487 - INFO  - es.uah - Tiempo de vida actualizado
2024-05-14 10:07:02.487 - INFO  - es.uah - Tiempo de vida actualizado
2024-05-14 10:07:02.488 - INFO  - es.uah - Inicio de movimiento aleatorio
2024-05-14 10:07:02.509 - INFO  - es.uah - Inicio de movimiento aleatorio
2024-05-14 10:07:02.525 - INFO  - es.uah - Inicio de movimiento aleatorio
2024-05-14 10:07:11.040 - INFO  - es.uah - Tiempo de vida actualizado
2024-05-14 10:07:11.040 - INFO  - es.uah - Tiempo de vida actualizado
2024-05-14 10:07:11.040 - INFO  - es.uah - Tiempo de vida actualizado
2024-05-14 10:07:11.040 - INFO  - es.uah - Tiempo de vida actualizado
2024-05-14 10:07:11.178 - INFO  - es.uah - Inicio de movimiento aleatorio
2024-05-14 10:07:11.196 - INFO  - es.uah - Inicio de movimiento aleatorio
2024-05-14 10:07:11.249 - WARN  - es.uah.matcomp.mp.simulaciondevida.estructurasdedatos.listas.listaEnlazada.ListaEnlazada - Se ha tratado de eliminar un elemento que no pertenece a la lista
2024-05-14 10:07:12.532 - INFO  - es.uah - Tiempo de vida actualizado
2024-05-14 10:07:12.532 - INFO  - es.uah - Tiempo de vida actualizado
2024-05-14 10:07:12.533 - INFO  - es.uah - Tiempo de vida actualizado
2024-05-14 10:07:12.533 - INFO  - es.uah - Tiempo de vida actualizado
2024-05-14 10:07:12.533 - INFO  - es.uah - Tiempo de vida actualizado
2024-05-14 10:07:12.533 - INFO  - es.uah - Tiempo de vida actualizado
2024-05-14 10:07:12.650 - INFO  - es.uah - Inicio de movimiento aleatorio
2024-05-14 10:07:12.666 - INFO  - es.uah - Inicio de movimiento aleatorio
2024-05-14 10:07:12.667 - WARN  - es.uah.matcomp.mp.simulaciondevida.estructurasdedatos.listas.listaEnlazada.ListaEnlazada - Se ha tratado de eliminar un elemento que no pertenece a la lista
2024-05-14 10:07:12.702 - INFO  - es.uah - Inicio de movimiento aleatorio
2024-05-14 10:07:12.702 - INFO  - es.uah - Inicio de movimiento aleatorio
2024-05-14 10:07:12.703 - INFO  - es.uah - Inicio de movimiento aleatorio
2024-05-14 10:07:12.703 - INFO  - es.uah - Inicio de movimiento aleatorio
2024-05-14 10:07:12.703 - INFO  - es.uah - Inicio de movimiento aleatorio
2024-05-14 10:07:12.744 - INFO  - es.uah - Inicio de movimiento aleatorio
2024-05-14 10:07:12.761 - INFO  - es.uah - Inicio de movimiento aleatorio
2024-05-14 10:07:12.761 - INFO  - es.uah - Inicio de movimiento aleatorio
2024-05-14 10:07:12.762 - INFO  - es.uah - Inicio de movimiento aleatorio
2024-05-14 10:07:13.348 - INFO  - es.uah - Tiempo de vida actualizado
2024-05-14 10:07:13.349 - INFO  - es.uah - Tiempo de vida actualizado
2024-05-14 10:07:13.349 - INFO  - es.uah - Tiempo de vida actualizado
2024-05-14 10:07:13.349 - INFO  - es.uah - Tiempo de vida actualizado
2024-05-14 10:07:13.349 - INFO  - es.uah - Tiempo de vida actualizado
2024-05-14 10:07:13.350 - INFO  - es.uah - Tiempo de vida actualizado
2024-05-14 10:07:13.350 - INFO  - es.uah - Tiempo de vida actualizado
2024-05-14 10:10:18.007 - INFO  - es.uah - Tiempo de vida actualizado
2024-05-14 10:10:18.008 - INFO  - es.uah - Tiempo de vida actualizado
2024-05-14 10:10:18.008 - INFO  - es.uah - Tiempo de vida actualizado
2024-05-14 10:10:18.067 - INFO  - es.uah - Inicio de movimiento aleatorio
2024-05-14 10:10:18.077 - INFO  - es.uah - Inicio de movimiento aleatorio
2024-05-14 10:10:28.038 - INFO  - es.uah - Tiempo de vida actualizado
2024-05-14 10:10:28.038 - INFO  - es.uah - Tiempo de vida actualizado
2024-05-14 10:10:28.039 - INFO  - es.uah - Tiempo de vida actualizado
2024-05-14 10:10:28.228 - INFO  - es.uah - Inicio de movimiento aleatorio
2024-05-14 10:10:28.422 - INFO  - es.uah - Tiempo de vida modificado
2024-05-14 10:14:10.860 - INFO  - es.uah - Tiempo de vida actualizado
2024-05-14 10:14:10.861 - INFO  - es.uah - Tiempo de vida actualizado
2024-05-14 10:14:10.861 - INFO  - es.uah - Tiempo de vida actualizado
2024-05-14 10:14:10.862 - INFO  - es.uah - Tiempo de vida actualizado
2024-05-14 10:14:10.897 - INFO  - es.uah - Inicio de movimiento aleatorio
2024-05-14 10:14:10.908 - INFO  - es.uah - Inicio de movimiento aleatorio
2024-05-14 10:14:14.768 - INFO  - es.uah - Tiempo de vida actualizado
2024-05-14 10:14:14.769 - INFO  - es.uah - Tiempo de vida actualizado
2024-05-14 10:14:14.769 - INFO  - es.uah - Tiempo de vida actualizado
2024-05-14 10:14:14.769 - INFO  - es.uah - Tiempo de vida actualizado
2024-05-14 10:14:14.770 - INFO  - es.uah - Tiempo de vida actualizado
2024-05-14 10:14:45.869 - INFO  - es.uah - Tiempo de vida actualizado
2024-05-14 10:14:45.870 - INFO  - es.uah - Tiempo de vida actualizado
2024-05-14 10:14:45.871 - INFO  - es.uah - Tiempo de vida actualizado
2024-05-14 10:14:45.871 - INFO  - es.uah - Inicio de movimiento aleatorio
2024-05-14 10:14:45.891 - INFO  - es.uah - Inicio de movimiento aleatorio
2024-05-14 10:14:45.900 - INFO  - es.uah - Inicio de movimiento aleatorio
2024-05-14 10:14:55.598 - INFO  - es.uah - Tiempo de vida actualizado
2024-05-14 10:14:55.599 - INFO  - es.uah - Tiempo de vida actualizado
2024-05-14 10:14:55.599 - INFO  - es.uah - Tiempo de vida actualizado
2024-05-14 10:14:55.831 - INFO  - es.uah - Inicio de movimiento aleatorio
2024-05-14 10:14:57.571 - INFO  - es.uah - Tiempo de vida actualizado
2024-05-14 10:14:57.572 - INFO  - es.uah - Tiempo de vida actualizado
2024-05-14 10:14:57.572 - INFO  - es.uah - Tiempo de vida actualizado
2024-05-14 10:14:57.840 - INFO  - es.uah - Inicio de movimiento aleatorio
2024-05-14 10:14:59.184 - INFO  - es.uah - Tiempo de vida actualizado
2024-05-14 10:14:59.185 - INFO  - es.uah - Tiempo de vida actualizado
2024-05-14 10:14:59.185 - INFO  - es.uah - Tiempo de vida actualizado
2024-05-14 10:14:59.486 - INFO  - es.uah - Inicio de movimiento aleatorio
2024-05-14 10:15:00.932 - INFO  - es.uah - Tiempo de vida actualizado
2024-05-14 10:15:00.932 - INFO  - es.uah - Tiempo de vida actualizado
2024-05-14 10:15:00.933 - INFO  - es.uah - Tiempo de vida actualizado
2024-05-14 10:15:01.440 - INFO  - es.uah - Inicio de movimiento aleatorio
2024-05-14 10:15:01.450 - INFO  - es.uah - Tiempo de vida modificado
2024-05-14 10:15:01.466 - INFO  - es.uah - Tiempo de vida modificado
2024-05-14 10:15:03.039 - INFO  - es.uah - Tiempo de vida actualizado
2024-05-14 10:15:03.040 - INFO  - es.uah - Tiempo de vida actualizado
2024-05-14 10:15:03.040 - INFO  - es.uah - Tiempo de vida actualizado
2024-05-14 10:16:17.738 - WARN  - es.uah.matcomp.mp.simulaciondevida.estructurasdedatos.grafo.classes.Grafo - El nodo es.uah.matcomp.mp.simulaciondevida.estructurasdedatos.grafo.classes.Nodo@76bf9853 (casillaTablero@4c42643b) no existe o es inaccesible desde es.uah.matcomp.mp.simulaciondevida.estructurasdedatos.grafo.classes.Nodo@76bf9853 (casillaTablero@4c42643b)
2024-05-14 10:18:35.960 - INFO  - es.uah - Tiempo de vida modificado
2024-05-14 10:18:56.586 - INFO  - es.uah - Tiempo de vida actualizado
2024-05-14 10:19:02.874 - INFO  - es.uah - Tiempo de vida actualizado
2024-05-14 10:19:03.110 - INFO  - es.uah - Tiempo de vida modificado
2024-05-14 10:20:04.270 - INFO  - es.uah - Tiempo de vida actualizado
2024-05-14 10:20:10.654 - INFO  - es.uah - Tiempo de vida actualizado
2024-05-14 10:20:11.069 - INFO  - es.uah - Tiempo de vida modificado
2024-05-14 10:20:20.695 - INFO  - es.uah - Tiempo de vida actualizado
2024-05-14 10:20:46.468 - WARN  - es.uah.matcomp.mp.simulaciondevida.estructurasdedatos.grafo.classes.Grafo - El nodo es.uah.matcomp.mp.simulaciondevida.estructurasdedatos.grafo.classes.Nodo@195fe71a (casillaTablero@2382a6a9) no existe o es inaccesible desde es.uah.matcomp.mp.simulaciondevida.estructurasdedatos.grafo.classes.Nodo@195fe71a (casillaTablero@2382a6a9)
2024-05-14 10:23:23.645 - INFO  - es.uah - Tiempo de vida actualizado
2024-05-14 10:23:59.281 - INFO  - es.uah - Tiempo de vida actualizado
2024-05-14 10:24:02.484 - INFO  - es.uah - Tiempo de vida actualizado
2024-05-14 10:24:10.859 - INFO  - es.uah - Tiempo de vida modificado
2024-05-14 10:24:50.837 - INFO  - es.uah - Tiempo de vida actualizado
2024-05-14 10:25:13.653 - INFO  - es.uah - Tiempo de vida actualizado
2024-05-14 10:25:15.858 - INFO  - es.uah - Tiempo de vida actualizado
2024-05-14 10:25:21.526 - INFO  - es.uah - Tiempo de vida modificado
2024-05-14 10:26:55.846 - INFO  - es.uah - Tiempo de vida actualizado
2024-05-14 10:27:48.146 - INFO  - es.uah - Tiempo de vida actualizado
2024-05-14 10:27:50.111 - INFO  - es.uah - Tiempo de vida modificado
2024-05-14 10:28:28.799 - INFO  - es.uah - Tiempo de vida actualizado
2024-05-14 10:31:26.063 - INFO  - es.uah - Tiempo de vida actualizado
2024-05-14 10:31:32.823 - INFO  - es.uah - Tiempo de vida modificado
2024-05-14 10:31:39.222 - INFO  - es.uah - Tiempo de vida actualizado
2024-05-14 10:31:46.577 - WARN  - es.uah.matcomp.mp.simulaciondevida.estructurasdedatos.grafo.classes.Grafo - El nodo es.uah.matcomp.mp.simulaciondevida.estructurasdedatos.grafo.classes.Nodo@76b49244 (casillaTablero@78233b83) no existe o es inaccesible desde es.uah.matcomp.mp.simulaciondevida.estructurasdedatos.grafo.classes.Nodo@76b49244 (casillaTablero@78233b83)
2024-05-14 10:32:25.953 - INFO  - es.uah - Tiempo de vida actualizado
2024-05-14 10:32:28.801 - INFO  - es.uah - Tiempo de vida modificado
2024-05-14 10:35:05.374 - INFO  - es.uah - Tiempo de vida actualizado
2024-05-14 10:35:45.284 - INFO  - es.uah - Tiempo de vida modificado
2024-05-14 10:37:56.246 - INFO  - es.uah - Tiempo de vida actualizado
2024-05-14 10:37:56.247 - INFO  - es.uah - Tiempo de vida actualizado
2024-05-14 10:38:06.945 - INFO  - es.uah - Tiempo de vida modificado
2024-05-14 10:40:22.824 - INFO  - es.uah - Tiempo de vida actualizado
2024-05-14 10:40:26.381 - INFO  - es.uah - Tiempo de vida modificado
2024-05-14 10:42:56.187 - INFO  - es.uah - Tiempo de vida actualizado
2024-05-14 10:42:59.841 - INFO  - es.uah - Tiempo de vida modificado
2024-05-14 10:44:58.795 - INFO  - es.uah - Tiempo de vida actualizado
2024-05-14 10:44:58.797 - INFO  - es.uah - Tiempo de vida actualizado
2024-05-14 10:44:58.797 - INFO  - es.uah - Tiempo de vida actualizado
2024-05-14 10:44:58.797 - INFO  - es.uah - Inicio de movimiento aleatorio
2024-05-14 10:45:05.630 - INFO  - es.uah - Inicio de movimiento aleatorio
2024-05-14 10:45:05.640 - INFO  - es.uah - Inicio de movimiento aleatorio
2024-05-14 10:45:10.746 - INFO  - es.uah - Tiempo de vida actualizado
2024-05-14 10:45:10.747 - INFO  - es.uah - Tiempo de vida actualizado
2024-05-14 10:45:10.747 - INFO  - es.uah - Tiempo de vida actualizado
2024-05-14 10:45:10.884 - INFO  - es.uah - Inicio de movimiento aleatorio
2024-05-14 10:45:13.933 - INFO  - es.uah - Tiempo de vida actualizado
2024-05-14 10:45:13.933 - INFO  - es.uah - Tiempo de vida actualizado
2024-05-14 10:45:13.934 - INFO  - es.uah - Tiempo de vida actualizado
2024-05-14 10:45:14.196 - INFO  - es.uah - Inicio de movimiento aleatorio
2024-05-14 10:45:17.879 - INFO  - es.uah - Tiempo de vida actualizado
2024-05-14 10:45:17.880 - INFO  - es.uah - Tiempo de vida actualizado
2024-05-14 10:45:17.880 - INFO  - es.uah - Tiempo de vida actualizado
2024-05-14 10:45:18.235 - INFO  - es.uah - Inicio de movimiento aleatorio
2024-05-14 10:45:21.344 - INFO  - es.uah - Tiempo de vida actualizado
2024-05-14 10:45:21.344 - INFO  - es.uah - Tiempo de vida actualizado
2024-05-14 10:45:21.345 - INFO  - es.uah - Tiempo de vida actualizado
2024-05-14 10:45:22.000 - INFO  - es.uah - Inicio de movimiento aleatorio
2024-05-14 10:45:22.009 - INFO  - es.uah - Probabilidad de reproducción modificada
2024-05-14 10:45:22.010 - INFO  - es.uah.matcomp.mp.simulaciondevida.elementos.entorno.recursos.tesoro - Mejora aplicada
2024-05-14 10:45:33.509 - INFO  - es.uah - Tiempo de vida actualizado
2024-05-14 10:45:33.510 - INFO  - es.uah - Tiempo de vida actualizado
2024-05-14 10:45:33.510 - INFO  - es.uah - Tiempo de vida actualizado
2024-05-14 10:45:34.238 - INFO  - es.uah - Inicio de movimiento aleatorio
2024-05-14 10:45:36.104 - INFO  - es.uah - Tiempo de vida actualizado
2024-05-14 10:45:36.104 - INFO  - es.uah - Tiempo de vida actualizado
2024-05-14 10:45:36.104 - INFO  - es.uah - Tiempo de vida actualizado
2024-05-14 10:45:37.147 - INFO  - es.uah - Inicio de movimiento aleatorio
2024-05-14 10:45:37.210 - INFO  - es.uah - Tiempo de vida modificado
2024-05-14 10:45:38.219 - INFO  - es.uah - Tiempo de vida actualizado
2024-05-14 10:45:38.220 - INFO  - es.uah - Tiempo de vida actualizado
2024-05-14 10:45:39.123 - INFO  - es.uah - Inicio de movimiento aleatorio
2024-05-14 10:45:39.142 - INFO  - es.uah - Probabilidad de clonación modificada
2024-05-14 10:45:42.680 - INFO  - es.uah - Tiempo de vida actualizado
2024-05-14 10:45:42.681 - INFO  - es.uah - Tiempo de vida actualizado
2024-05-14 10:45:43.826 - INFO  - es.uah - Inicio de movimiento aleatorio
2024-05-14 10:45:45.846 - INFO  - es.uah - Tiempo de vida actualizado
2024-05-14 10:45:48.494 - INFO  - es.uah - Tiempo de vida actualizado
2024-05-14 10:45:50.473 - INFO  - es.uah - Tiempo de vida modificado
2024-05-14 10:45:52.499 - INFO  - es.uah - Tiempo de vida actualizado
2024-05-14 10:45:52.499 - INFO  - es.uah - Tiempo de vida actualizado
2024-05-14 10:45:57.014 - INFO  - es.uah - Tiempo de vida actualizado
2024-05-14 10:45:59.384 - INFO  - es.uah - Tiempo de vida actualizado
2024-05-14 10:48:25.663 - INFO  - es.uah - Tiempo de vida actualizado
2024-05-14 10:48:25.665 - INFO  - es.uah - Tiempo de vida actualizado
2024-05-14 10:48:25.665 - INFO  - es.uah - Tiempo de vida actualizado
2024-05-14 10:48:25.665 - INFO  - es.uah - Tiempo de vida actualizado
2024-05-14 10:48:25.830 - INFO  - es.uah - Inicio de movimiento aleatorio
2024-05-14 10:48:25.839 - INFO  - es.uah - Inicio de movimiento aleatorio
2024-05-14 10:48:27.708 - INFO  - es.uah - Tiempo de vida actualizado
2024-05-14 10:48:27.708 - INFO  - es.uah - Tiempo de vida actualizado
2024-05-14 10:48:27.719 - INFO  - es.uah - Inicio de movimiento aleatorio
2024-05-14 10:48:29.208 - INFO  - es.uah - Tiempo de vida actualizado
2024-05-14 10:48:29.209 - INFO  - es.uah - Inicio de movimiento aleatorio
2024-05-14 10:48:30.709 - INFO  - es.uah - Tiempo de vida actualizado
2024-05-14 10:51:46.363 - INFO  - es.uah - Tiempo de vida actualizado
2024-05-14 10:51:46.364 - INFO  - es.uah - Tiempo de vida actualizado
2024-05-14 10:51:46.365 - INFO  - es.uah - Tiempo de vida actualizado
2024-05-14 10:51:46.365 - INFO  - es.uah - Tiempo de vida actualizado
2024-05-14 10:51:46.365 - INFO  - es.uah - Inicio de movimiento aleatorio
2024-05-14 10:51:46.377 - INFO  - es.uah - Inicio de movimiento aleatorio
2024-05-14 10:51:46.386 - INFO  - es.uah - Inicio de movimiento aleatorio
2024-05-14 10:51:46.399 - INFO  - es.uah - Inicio de movimiento aleatorio
2024-05-14 10:51:47.865 - INFO  - es.uah - Tiempo de vida actualizado
2024-05-14 10:51:47.866 - INFO  - es.uah - Tiempo de vida actualizado
2024-05-14 10:51:47.867 - INFO  - es.uah - Tiempo de vida actualizado
2024-05-14 10:51:47.867 - INFO  - es.uah - Tiempo de vida actualizado
2024-05-14 10:51:47.875 - INFO  - es.uah - Tiempo de vida actualizado
2024-05-14 10:52:04.887 - INFO  - es.uah - Tiempo de vida actualizado
2024-05-14 10:52:04.888 - INFO  - es.uah - Tiempo de vida actualizado
2024-05-14 10:52:04.888 - INFO  - es.uah - Tiempo de vida actualizado
2024-05-14 10:52:04.888 - INFO  - es.uah - Tiempo de vida actualizado
2024-05-14 10:52:04.888 - INFO  - es.uah - Tiempo de vida actualizado
2024-05-14 10:52:04.889 - INFO  - es.uah - Inicio de movimiento aleatorio
2024-05-14 10:52:06.388 - INFO  - es.uah - Tiempo de vida actualizado
2024-05-14 10:52:06.388 - INFO  - es.uah - Tiempo de vida actualizado
2024-05-14 10:52:06.388 - INFO  - es.uah - Tiempo de vida actualizado
2024-05-14 10:52:06.389 - INFO  - es.uah - Tiempo de vida actualizado
2024-05-14 10:52:06.389 - INFO  - es.uah - Tiempo de vida actualizado
2024-05-14 10:54:32.351 - INFO  - es.uah - Tiempo de vida actualizado
2024-05-14 10:54:32.352 - INFO  - es.uah - Tiempo de vida actualizado
2024-05-14 10:54:32.352 - INFO  - es.uah - Tiempo de vida actualizado
2024-05-14 10:54:32.354 - INFO  - es.uah - Inicio de movimiento aleatorio
2024-05-14 10:54:32.364 - INFO  - es.uah - Inicio de movimiento aleatorio
2024-05-14 10:54:32.373 - INFO  - es.uah - Inicio de movimiento aleatorio
2024-05-14 10:54:33.852 - INFO  - es.uah - Tiempo de vida actualizado
2024-05-14 10:54:33.852 - INFO  - es.uah - Tiempo de vida actualizado
2024-05-14 10:54:33.853 - INFO  - es.uah - Tiempo de vida actualizado
2024-05-14 10:54:33.853 - INFO  - es.uah - Inicio de movimiento aleatorio
2024-05-14 10:54:33.880 - INFO  - es.uah - Inicio de movimiento aleatorio
2024-05-14 10:54:35.353 - INFO  - es.uah - Tiempo de vida actualizado
2024-05-14 10:54:35.353 - INFO  - es.uah - Tiempo de vida actualizado
2024-05-14 10:54:35.353 - INFO  - es.uah - Tiempo de vida actualizado
2024-05-14 10:54:35.450 - INFO  - es.uah - Inicio de movimiento aleatorio
2024-05-14 10:54:36.855 - INFO  - es.uah - Tiempo de vida actualizado
2024-05-14 10:54:36.855 - INFO  - es.uah - Tiempo de vida actualizado
2024-05-14 10:54:36.855 - INFO  - es.uah - Tiempo de vida actualizado
2024-05-14 10:54:36.855 - INFO  - es.uah - Tiempo de vida actualizado
2024-05-14 10:54:36.966 - INFO  - es.uah - Inicio de movimiento aleatorio
2024-05-14 10:54:36.985 - INFO  - es.uah - Inicio de movimiento aleatorio
2024-05-14 10:54:40.575 - INFO  - es.uah - Tiempo de vida actualizado
2024-05-14 10:54:40.575 - INFO  - es.uah - Tiempo de vida actualizado
2024-05-14 10:54:40.575 - INFO  - es.uah - Tiempo de vida actualizado
2024-05-14 10:54:40.575 - INFO  - es.uah - Tiempo de vida actualizado
2024-05-14 10:54:40.575 - INFO  - es.uah - Tiempo de vida actualizado
2024-05-14 10:54:40.796 - INFO  - es.uah - Inicio de movimiento aleatorio
2024-05-14 10:54:40.837 - INFO  - es.uah - Inicio de movimiento aleatorio
2024-05-14 10:54:41.049 - INFO  - es.uah - Tiempo de vida modificado
2024-05-14 10:54:41.070 - INFO  - es.uah - Tiempo de vida modificado
2024-05-14 10:54:42.075 - INFO  - es.uah - Tiempo de vida actualizado
2024-05-14 10:54:42.076 - INFO  - es.uah - Tiempo de vida actualizado
2024-05-14 10:54:42.076 - INFO  - es.uah - Tiempo de vida actualizado
2024-05-14 10:54:42.076 - INFO  - es.uah - Tiempo de vida actualizado
2024-05-14 10:54:42.076 - INFO  - es.uah - Tiempo de vida actualizado
2024-05-14 10:54:42.099 - INFO  - es.uah - Inicio de movimiento aleatorio
2024-05-14 10:54:42.136 - INFO  - es.uah - Inicio de movimiento aleatorio
2024-05-14 10:54:42.307 - INFO  - es.uah - Inicio de movimiento aleatorio
2024-05-14 10:54:42.329 - INFO  - es.uah - Tiempo de vida modificado
2024-05-14 10:54:43.575 - INFO  - es.uah - Tiempo de vida actualizado
2024-05-14 10:54:43.577 - INFO  - es.uah - Tiempo de vida actualizado
2024-05-14 10:54:43.577 - INFO  - es.uah - Tiempo de vida actualizado
2024-05-14 10:54:43.577 - INFO  - es.uah - Tiempo de vida actualizado
2024-05-14 10:54:43.677 - WARN  - es.uah.matcomp.mp.simulaciondevida.estructurasdedatos.grafo.classes.Grafo - El nodo es.uah.matcomp.mp.simulaciondevida.estructurasdedatos.grafo.classes.Nodo@265371e0 (casillaTablero@5e7ca75) no existe o es inaccesible desde es.uah.matcomp.mp.simulaciondevida.estructurasdedatos.grafo.classes.Nodo@265371e0 (casillaTablero@5e7ca75)
2024-05-14 10:54:43.678 - INFO  - es.uah - Tiempo de vida modificado
2024-05-14 10:54:45.076 - INFO  - es.uah - Tiempo de vida actualizado
2024-05-14 10:54:45.076 - INFO  - es.uah - Tiempo de vida actualizado
2024-05-14 10:54:45.077 - INFO  - es.uah - Tiempo de vida actualizado
2024-05-14 10:54:45.217 - INFO  - es.uah - Inicio de movimiento aleatorio
2024-05-14 10:54:46.577 - INFO  - es.uah - Tiempo de vida actualizado
2024-05-14 10:54:46.578 - INFO  - es.uah - Tiempo de vida actualizado
2024-05-14 10:54:46.578 - INFO  - es.uah - Tiempo de vida actualizado
2024-05-14 10:54:46.721 - INFO  - es.uah - Inicio de movimiento aleatorio
2024-05-14 10:54:48.088 - INFO  - es.uah - Tiempo de vida actualizado
2024-05-14 10:54:48.089 - INFO  - es.uah - Tiempo de vida actualizado
2024-05-14 10:54:48.089 - INFO  - es.uah - Tiempo de vida actualizado
2024-05-14 10:54:49.578 - INFO  - es.uah - Tiempo de vida actualizado
2024-05-14 10:55:16.102 - INFO  - es.uah - Tiempo de vida actualizado
2024-05-14 10:55:16.248 - INFO  - es.uah - Tiempo de vida modificado
2024-05-14 10:55:17.603 - INFO  - es.uah - Tiempo de vida actualizado
2024-05-14 10:55:19.103 - INFO  - es.uah - Tiempo de vida actualizado
2024-05-14 10:55:20.604 - INFO  - es.uah - Tiempo de vida actualizado
2024-05-14 10:55:20.763 - INFO  - es.uah - Probabilidad de reproducción modificada
2024-05-14 10:55:20.763 - INFO  - es.uah.matcomp.mp.simulaciondevida.elementos.entorno.recursos.tesoro - Mejora aplicada
2024-05-14 10:55:22.104 - INFO  - es.uah - Tiempo de vida actualizado
